<?xml version="1.0" encoding="UTF-8"?>
<robot generator="Robot 4.1.2 (Python 3.9.9 on darwin)" generated="20221025 09:44:32.392" rpa="false" schemaversion="2">
<suite id="s1" name="Mobileapp" source="/Users/mabdulaziz/pintu-test/mobile-test/test/mobileapp.robot">
<test id="s1-t1" name="Login To Apps">
<kw name="Open Mobile App application" library="common">
<kw name="Open Application" library="AppiumLibrary">
<arg>http://127.0.0.1:4723/wd/hub</arg>
<arg>automationName=UIAutomator2</arg>
<arg>platformName=Android</arg>
<arg>app=${pathApp}</arg>
<arg>platformVersion=${ANDROID_PLATFORM_VERSION}</arg>
<doc>Opens a new application to given Appium server.
Capabilities of appium server, Android and iOS,
Please check https://github.com/appium/appium/blob/master/docs/en/writing-running-appium/server-args.md
| *Option*            | *Man.* | *Description*     |
| remote_url          | Yes    | Appium server url |
| alias               | no     | alias             |</doc>
<status status="PASS" starttime="20221025 09:44:32.666" endtime="20221025 09:44:51.068"/>
</kw>
<status status="PASS" starttime="20221025 09:44:32.666" endtime="20221025 09:44:51.069"/>
</kw>
<kw name="Input user Email">
<arg>${useremail}</arg>
<kw name="Input Text" library="AppiumLibrary">
<arg>com.loginmodule.learning:id/textInputEditTextEmail</arg>
<arg>${args1}</arg>
<doc>Types the given `text` into text field identified by `locator`.</doc>
<msg timestamp="20221025 09:44:51.072" level="INFO">Typing text 'Jon@smith.com' into text field 'com.loginmodule.learning:id/textInputEditTextEmail'</msg>
<status status="PASS" starttime="20221025 09:44:51.070" endtime="20221025 09:44:52.379"/>
</kw>
<status status="PASS" starttime="20221025 09:44:51.069" endtime="20221025 09:44:52.380"/>
</kw>
<kw name="Input user password">
<arg>${userpassword}</arg>
<kw name="Input Text" library="AppiumLibrary">
<arg>com.loginmodule.learning:id/textInputEditTextPassword</arg>
<arg>${args1}</arg>
<doc>Types the given `text` into text field identified by `locator`.</doc>
<msg timestamp="20221025 09:44:52.386" level="INFO">Typing text 'Jonnyherewego' into text field 'com.loginmodule.learning:id/textInputEditTextPassword'</msg>
<status status="PASS" starttime="20221025 09:44:52.382" endtime="20221025 09:44:53.202"/>
</kw>
<kw name="Hide Keyboard" library="AppiumLibrary">
<doc>Hides the software keyboard on the device. (optional) In iOS, use `key_name` to press
a particular key, ex. `Done`. In Android, no parameters are used.</doc>
<status status="PASS" starttime="20221025 09:44:53.202" endtime="20221025 09:44:53.302"/>
</kw>
<status status="PASS" starttime="20221025 09:44:52.380" endtime="20221025 09:44:53.302"/>
</kw>
<kw name="Click Button login">
<kw name="Click Element" library="AppiumLibrary">
<arg>com.loginmodule.learning:id/appCompatButtonLogin</arg>
<doc>Click element identified by `locator`.</doc>
<msg timestamp="20221025 09:44:53.306" level="INFO">Clicking element 'com.loginmodule.learning:id/appCompatButtonLogin'.</msg>
<status status="PASS" starttime="20221025 09:44:53.303" endtime="20221025 09:44:53.847"/>
</kw>
<status status="PASS" starttime="20221025 09:44:53.303" endtime="20221025 09:44:53.847"/>
</kw>
<status status="PASS" starttime="20221025 09:44:32.666" endtime="20221025 09:44:53.847"/>
</test>
<status status="PASS" starttime="20221025 09:44:32.395" endtime="20221025 09:44:53.849"/>
</suite>
<statistics>
<total>
<stat pass="1" fail="0" skip="0">All Tests</stat>
</total>
<tag>
</tag>
<suite>
<stat pass="1" fail="0" skip="0" id="s1" name="Mobileapp">Mobileapp</stat>
</suite>
</statistics>
<errors>
</errors>
</robot>
