<?xml version="1.0" encoding="UTF-8"?>
<robot generator="Robot 6.0 (Python 3.10.6 on win32)" generated="20221025 08:14:02.519" rpa="false" schemaversion="3">
<suite id="s1" name="Mobileapp" source="F:\pintu-test\mobile-test\test\mobileapp.robot">
<test id="s1-t1" name="Test open App" line="12">
<kw name="Open Mobile App application" library="common">
<kw name="Open Application" library="AppiumLibrary">
<arg>http://127.0.0.1:4723/wd/hub</arg>
<arg>automationName=UIAutomator2</arg>
<arg>platformName=Android</arg>
<arg>app=${pathApp}</arg>
<arg>platformVersion=${ANDROID_PLATFORM_VERSION}</arg>
<doc>Opens a new application to given Appium server.
Capabilities of appium server, Android and iOS,
Please check https://github.com/appium/appium/blob/master/docs/en/writing-running-appium/server-args.md
| *Option*            | *Man.* | *Description*     |
| remote_url          | Yes    | Appium server url |
| alias               | no     | alias             |</doc>
<kw name="Capture Page Screenshot" library="AppiumLibrary">
<doc>Takes a screenshot of the current page and embeds it into the log.</doc>
<msg timestamp="20221025 08:14:02.687" level="FAIL">No application is open</msg>
<status status="FAIL" starttime="20221025 08:14:02.686" endtime="20221025 08:14:02.689"/>
</kw>
<msg timestamp="20221025 08:14:02.689" level="WARN">Keyword 'Capture Page Screenshot' could not be run on failure: No application is open</msg>
<msg timestamp="20221025 08:14:02.690" level="FAIL">WebDriverException: Message: An unknown server-side error occurred while processing the command. Original error: Neither ANDROID_HOME nor ANDROID_SDK_ROOT environment variable was exported. Read https://developer.android.com/studio/command-line/variables for more details
</msg>
<status status="FAIL" starttime="20221025 08:14:02.651" endtime="20221025 08:14:02.690"/>
</kw>
<status status="FAIL" starttime="20221025 08:14:02.651" endtime="20221025 08:14:02.690"/>
</kw>
<status status="FAIL" starttime="20221025 08:14:02.651" endtime="20221025 08:14:02.690">WebDriverException: Message: An unknown server-side error occurred while processing the command. Original error: Neither ANDROID_HOME nor ANDROID_SDK_ROOT environment variable was exported. Read https://developer.android.com/studio/command-line/variables for more details
</status>
</test>
<status status="FAIL" starttime="20221025 08:14:02.521" endtime="20221025 08:14:02.691"/>
</suite>
<statistics>
<total>
<stat pass="0" fail="1" skip="0">All Tests</stat>
</total>
<tag>
</tag>
<suite>
<stat pass="0" fail="1" skip="0" id="s1" name="Mobileapp">Mobileapp</stat>
</suite>
</statistics>
<errors>
<msg timestamp="20221025 08:14:02.689" level="WARN">Keyword 'Capture Page Screenshot' could not be run on failure: No application is open</msg>
</errors>
</robot>
